<?xml version="1.0" encoding="UTF-8"?>
<robot generator="Robot 6.0.1 (Python 3.7.3 on win32)" generated="20221115 01:35:12.373" rpa="false" schemaversion="3">
<suite id="s1" name="PDF To Word" source="C:\Users\Kailash.Prabhu\Desktop\PDFTestAutomation\TestSuites\PDF_To_Word.robot">
<kw name="Start" library="RunParams" type="SETUP">
<arg>https://www.ilovepdf.com/</arg>
<arg>Edge</arg>
<kw name="Open Browser" library="SeleniumLibrary">
<arg>${URL}</arg>
<arg>browser=${BROWSER}</arg>
<doc>Opens a new browser instance to the optional ``url``.</doc>
<msg timestamp="20221115 01:35:12.548" level="INFO">Opening browser 'Edge' to base url 'https://www.ilovepdf.com/'.</msg>
<status status="PASS" starttime="20221115 01:35:12.547" endtime="20221115 01:35:14.749"/>
</kw>
<kw name="Maximize Browser Window" library="SeleniumLibrary">
<doc>Maximizes current browser window.</doc>
<status status="PASS" starttime="20221115 01:35:14.749" endtime="20221115 01:35:14.894"/>
</kw>
<status status="PASS" starttime="20221115 01:35:12.547" endtime="20221115 01:35:14.894"/>
</kw>
<test id="s1-t1" name="Site accessibility" line="12">
<kw name="Confirm Home Page Loaded" library="HomePage">
<doc>Confirms once home page is loaded</doc>
<kw name="Element Should Be Visible" library="SeleniumLibrary">
<arg>xPath://a[@title="PDF to Word"]</arg>
<doc>Verifies that the element identified by ``locator`` is visible.</doc>
<msg timestamp="20221115 01:35:15.059" level="INFO">Element 'xPath://a[@title="PDF to Word"]' is displayed.</msg>
<status status="PASS" starttime="20221115 01:35:14.901" endtime="20221115 01:35:15.059"/>
</kw>
<status status="PASS" starttime="20221115 01:35:14.899" endtime="20221115 01:35:15.059"/>
</kw>
<doc>Site Accessibility Test</doc>
<tag>Smoke</tag>
<status status="PASS" starttime="20221115 01:35:14.894" endtime="20221115 01:35:15.060"/>
</test>
<test id="s1-t2" name="File Upload PDF To Word" line="17">
<kw name="Click PDF2Word" library="HomePage">
<doc>Clicks on the PDF to Word converter option</doc>
<kw name="Click Element" library="SeleniumLibrary">
<arg>xPath://a[@title="PDF to Word"]</arg>
<doc>Click the element identified by ``locator``.</doc>
<msg timestamp="20221115 01:35:15.062" level="INFO">Clicking element 'xPath://a[@title="PDF to Word"]'.</msg>
<status status="PASS" starttime="20221115 01:35:15.062" endtime="20221115 01:35:16.291"/>
</kw>
<status status="PASS" starttime="20221115 01:35:15.061" endtime="20221115 01:35:16.291"/>
</kw>
<kw name="Confirm PDF2Word Page Loaded" library="PDF2WordPage">
<doc>Confirms once PDF2Word Page is loaded</doc>
<kw name="Element Should Be Visible" library="SeleniumLibrary">
<arg>xPath://a[@id="pickfiles"]</arg>
<doc>Verifies that the element identified by ``locator`` is visible.</doc>
<msg timestamp="20221115 01:35:16.321" level="INFO">Element 'xPath://a[@id="pickfiles"]' is displayed.</msg>
<status status="PASS" starttime="20221115 01:35:16.292" endtime="20221115 01:35:16.321"/>
</kw>
<status status="PASS" starttime="20221115 01:35:16.292" endtime="20221115 01:35:16.321"/>
</kw>
<kw name="Upload PDF File" library="PDF2WordPage">
<arg>${EXECDIR}/Kailash_Python_Automation.pdf</arg>
<doc>Uploads a PDF file to website</doc>
<kw name="Choose File" library="SeleniumLibrary">
<arg>xPath://input[@type="file"]</arg>
<arg>${FilePath}</arg>
<doc>Inputs the ``file_path`` into the file input field ``locator``.</doc>
<msg timestamp="20221115 01:35:16.323" level="INFO">Sending C:\Users\Kailash.Prabhu\Desktop\PDFTestAutomation\Kailash_Python_Automation.pdf to browser.</msg>
<status status="PASS" starttime="20221115 01:35:16.322" endtime="20221115 01:35:16.358"/>
</kw>
<kw name="Wait Until Element Is Visible" library="SeleniumLibrary">
<arg>xPath://button[@id="processTask"]</arg>
<doc>Waits until the element ``locator`` is visible.</doc>
<status status="PASS" starttime="20221115 01:35:16.358" endtime="20221115 01:35:17.261"/>
</kw>
<status status="PASS" starttime="20221115 01:35:16.321" endtime="20221115 01:35:17.261"/>
</kw>
<doc>Confirms successful file upload to PDF to Word generator</doc>
<tag>Critical</tag>
<tag>File</tag>
<tag>Upload</tag>
<status status="PASS" starttime="20221115 01:35:15.060" endtime="20221115 01:35:17.261"/>
</test>
<test id="s1-t3" name="Word File Download" line="24">
<kw name="Get Environment Variable" library="OperatingSystem">
<var>${home_dir}</var>
<arg>UserProfile</arg>
<doc>Returns the value of an environment variable with the given name.</doc>
<msg timestamp="20221115 01:35:17.264" level="INFO">${home_dir} = C:\Users\Kailash.Prabhu</msg>
<status status="PASS" starttime="20221115 01:35:17.263" endtime="20221115 01:35:17.264"/>
</kw>
<kw name="Join Path" library="OperatingSystem">
<var>${download_dir}</var>
<arg>${home_dir}</arg>
<arg>Downloads</arg>
<doc>Joins the given path part(s) to the given base path.</doc>
<msg timestamp="20221115 01:35:17.264" level="INFO">${download_dir} = C:\Users\Kailash.Prabhu\Downloads</msg>
<status status="PASS" starttime="20221115 01:35:17.264" endtime="20221115 01:35:17.264"/>
</kw>
<kw name="Click Convert To Word And Downloads Word File" library="PDF2WordPage">
<doc>Clicks on Convert to Word button</doc>
<kw name="Click Button" library="SeleniumLibrary">
<arg>xPath://button[@id="processTask"]</arg>
<doc>Clicks the button identified by ``locator``.</doc>
<msg timestamp="20221115 01:35:17.266" level="INFO">Clicking button 'xPath://button[@id="processTask"]'.</msg>
<status status="PASS" starttime="20221115 01:35:17.265" endtime="20221115 01:35:17.346"/>
</kw>
<status status="PASS" starttime="20221115 01:35:17.265" endtime="20221115 01:35:17.346"/>
</kw>
<kw name="Confirm Word File Downloaded" library="PDF2WordPage">
<arg>${download_dir}/Kailash_Python_Automation.docx</arg>
<doc>Confirm PDF to Word converted file is successfully downloaded</doc>
<kw name="Wait Until Created" library="OperatingSystem">
<arg>${FilePath}</arg>
<arg>timeout=60</arg>
<doc>Waits until the given file or directory is created.</doc>
<msg timestamp="20221115 01:35:26.169" level="INFO" html="true">'&lt;a href="file://C:\Users\Kailash.Prabhu\Downloads\Kailash_Python_Automation.docx"&gt;C:\Users\Kailash.Prabhu\Downloads\Kailash_Python_Automation.docx&lt;/a&gt;' was created.</msg>
<status status="PASS" starttime="20221115 01:35:17.347" endtime="20221115 01:35:26.170"/>
</kw>
<status status="PASS" starttime="20221115 01:35:17.347" endtime="20221115 01:35:26.171"/>
</kw>
<doc>Confirms successful file download of word file generator</doc>
<tag>Critical</tag>
<tag>Download</tag>
<tag>File</tag>
<status status="PASS" starttime="20221115 01:35:17.263" endtime="20221115 01:35:26.171"/>
</test>
<kw name="Stop" library="RunParams" type="TEARDOWN">
<kw name="Close Browser" library="SeleniumLibrary">
<doc>Closes the current browser.</doc>
<status status="PASS" starttime="20221115 01:35:26.174" endtime="20221115 01:35:30.274"/>
</kw>
<status status="PASS" starttime="20221115 01:35:26.173" endtime="20221115 01:35:30.275"/>
</kw>
<doc>This Test Suite contains all the test cases being executed on ilove PDF Website.</doc>
<status status="PASS" starttime="20221115 01:35:12.377" endtime="20221115 01:35:30.275"/>
</suite>
<statistics>
<total>
<stat pass="3" fail="0" skip="0">All Tests</stat>
</total>
<tag>
<stat pass="2" fail="0" skip="0">Critical</stat>
<stat pass="1" fail="0" skip="0">Download</stat>
<stat pass="2" fail="0" skip="0">File</stat>
<stat pass="1" fail="0" skip="0">Smoke</stat>
<stat pass="1" fail="0" skip="0">Upload</stat>
</tag>
<suite>
<stat pass="3" fail="0" skip="0" id="s1" name="PDF To Word">PDF To Word</stat>
</suite>
</statistics>
<errors>
</errors>
</robot>
